<?xml version="1.0" encoding="UTF-8"?>
<!-- Generated by org.testng.reporters.JUnitXMLReporter -->
<testsuite ignored="0" hostname="EC2AMAZ-S11DBRH" failures="0" tests="3" name="Default test" time="3.19" errors="0" timestamp="2024-03-14T14:24:26 GMT">
  <testcase classname="TestNgTesting.CheckbocTest" name="testcase1" time="0.741"/>
  <testcase classname="TestNgTesting.CheckbocTest" name="testcase2" time="0.119"/>
  <testcase classname="TestNgTesting.CheckbocTest" name="testcase3" time="0.074"/>
</testsuite> <!-- Default test -->
