<?xml version="1.0" encoding="UTF-8"?>
<!-- Generated by org.testng.reporters.JUnitXMLReporter -->
<testsuite ignored="0" hostname="EC2AMAZ-S11DBRH" failures="0" tests="3" name="Default test" time="1.127" errors="0" timestamp="2024-03-18T11:15:48 GMT">
  <testcase classname="TestNgTesting.ExcelFileTest" name="verifydata" time="0.011"/>
  <testcase classname="TestNgTesting.ExcelFileTest" name="verifydata" time="0.002"/>
  <testcase classname="TestNgTesting.ExcelFileTest" name="verifydata" time="0.002"/>
</testsuite> <!-- Default test -->
