<?xml version="1.0" encoding="UTF-8"?>
<testng-results ignored="0" total="3" passed="3" failed="0" skipped="0">
  <reporter-output>
  </reporter-output>
  <suite started-at="2024-03-14T10:11:54 GMT" name="Default suite" finished-at="2024-03-14T10:11:58 GMT" duration-ms="3632">
    <groups>
    </groups>
    <test started-at="2024-03-14T10:11:54 GMT" name="Default test" finished-at="2024-03-14T10:11:58 GMT" duration-ms="3632">
      <class name="TestNgTesting.CheckbocTest">
        <test-method is-config="true" signature="setup()[pri:0, instance:TestNgTesting.CheckbocTest@130c12b7]" started-at="2024-03-14T10:11:54 GMT" name="setup" finished-at="2024-03-14T10:11:57 GMT" duration-ms="2184" status="PASS">
          <reporter-output>
          </reporter-output>
        </test-method> <!-- setup -->
        <test-method signature="testcase1()[pri:0, instance:TestNgTesting.CheckbocTest@130c12b7]" started-at="2024-03-14T10:11:57 GMT" name="testcase1" finished-at="2024-03-14T10:11:58 GMT" duration-ms="1014" status="PASS">
          <reporter-output>
          </reporter-output>
        </test-method> <!-- testcase1 -->
        <test-method signature="testcase2()[pri:0, instance:TestNgTesting.CheckbocTest@130c12b7]" started-at="2024-03-14T10:11:58 GMT" name="testcase2" finished-at="2024-03-14T10:11:58 GMT" duration-ms="130" status="PASS">
          <reporter-output>
          </reporter-output>
        </test-method> <!-- testcase2 -->
        <test-method signature="testcase3()[pri:0, instance:TestNgTesting.CheckbocTest@130c12b7]" started-at="2024-03-14T10:11:58 GMT" name="testcase3" finished-at="2024-03-14T10:11:58 GMT" duration-ms="78" status="PASS">
          <reporter-output>
          </reporter-output>
        </test-method> <!-- testcase3 -->
        <test-method is-config="true" signature="teardown()[pri:0, instance:TestNgTesting.CheckbocTest@130c12b7]" started-at="2024-03-14T10:11:58 GMT" name="teardown" finished-at="2024-03-14T10:11:58 GMT" duration-ms="155" status="PASS">
          <reporter-output>
          </reporter-output>
        </test-method> <!-- teardown -->
      </class> <!-- TestNgTesting.CheckbocTest -->
    </test> <!-- Default test -->
  </suite> <!-- Default suite -->
</testng-results>
