<?xml version="1.0" encoding="UTF-8"?>
<testng-results ignored="0" total="3" passed="3" failed="0" skipped="0">
  <reporter-output>
  </reporter-output>
  <suite started-at="2024-03-21T12:14:01 GMT" name="Default suite" finished-at="2024-03-21T12:14:02 GMT" duration-ms="1131">
    <groups>
    </groups>
    <test started-at="2024-03-21T12:14:01 GMT" name="Default test" finished-at="2024-03-21T12:14:02 GMT" duration-ms="1131">
      <class name="TestNgTesting.ExcelFileTest">
        <test-method signature="verifydata(java.lang.String,java.lang.String,java.lang.String)[pri:0, instance:TestNgTesting.ExcelFileTest@55634720]" started-at="2024-03-21T12:14:02 GMT" name="verifydata" data-provider="test1" finished-at="2024-03-21T12:14:02 GMT" duration-ms="14" status="PASS">
          <params>
            <param index="0">
              <value>
                <![CDATA[shubhi]]>
              </value>
            </param>
            <param index="1">
              <value>
                <![CDATA[admin]]>
              </value>
            </param>
            <param index="2">
              <value>
                <![CDATA[36.0]]>
              </value>
            </param>
          </params>
          <reporter-output>
          </reporter-output>
        </test-method> <!-- verifydata -->
        <test-method signature="verifydata(java.lang.String,java.lang.String,java.lang.String)[pri:0, instance:TestNgTesting.ExcelFileTest@55634720]" started-at="2024-03-21T12:14:02 GMT" name="verifydata" data-provider="test1" finished-at="2024-03-21T12:14:02 GMT" duration-ms="5" status="PASS">
          <params>
            <param index="0">
              <value>
                <![CDATA[Sham]]>
              </value>
            </param>
            <param index="1">
              <value>
                <![CDATA[admin1]]>
              </value>
            </param>
            <param index="2">
              <value>
                <![CDATA[37.0]]>
              </value>
            </param>
          </params>
          <reporter-output>
          </reporter-output>
        </test-method> <!-- verifydata -->
        <test-method signature="verifydata(java.lang.String,java.lang.String,java.lang.String)[pri:0, instance:TestNgTesting.ExcelFileTest@55634720]" started-at="2024-03-21T12:14:02 GMT" name="verifydata" data-provider="test1" finished-at="2024-03-21T12:14:02 GMT" duration-ms="2" status="PASS">
          <params>
            <param index="0">
              <value>
                <![CDATA[Administrator]]>
              </value>
            </param>
            <param index="1">
              <value>
                <![CDATA[administrator]]>
              </value>
            </param>
            <param index="2">
              <value>
                <![CDATA[38.0]]>
              </value>
            </param>
          </params>
          <reporter-output>
          </reporter-output>
        </test-method> <!-- verifydata -->
      </class> <!-- TestNgTesting.ExcelFileTest -->
    </test> <!-- Default test -->
  </suite> <!-- Default suite -->
</testng-results>
